<?xml version="1.0" encoding="UTF-8"?>
<testsuite xmlns:xsi="http://www.w3.org/2001/XMLSchema-instance" xsi:noNamespaceSchemaLocation="https://maven.apache.org/surefire/maven-surefire-plugin/xsd/surefire-test-report.xsd" name="Test123" time="1.234" tests="1" errors="0" skipped="0" failures="0">
  <properties>
    <property name="sun.desktop" value="windows"/>
    <property name="awt.toolkit" value="sun.awt.windows.WToolkit"/>
    <property name="file.encoding.pkg" value="sun.io"/>
    <property name="java.specification.version" value="1.8"/>
    <property name="sun.cpu.isalist" value="amd64"/>
    <property name="sun.jnu.encoding" value="GBK"/>
    <property name="java.class.path" value="E:\code_study\MyCrmProject\target\test-classes;E:\code_study\MyCrmProject\target\classes;C:\Users\qzx\.m2\repository\junit\junit\4.11\junit-4.11.jar;C:\Users\qzx\.m2\repository\org\hamcrest\hamcrest-core\1.3\hamcrest-core-1.3.jar;C:\Users\qzx\.m2\repository\mysql\mysql-connector-java\8.0.26\mysql-connector-java-8.0.26.jar;C:\Users\qzx\.m2\repository\com\google\protobuf\protobuf-java\3.11.4\protobuf-java-3.11.4.jar;C:\Users\qzx\.m2\repository\com\alibaba\druid\1.1.1\druid-1.1.1.jar;D:\development_tool\JDK.1.8.0_131\jre\..\lib\jconsole.jar;D:\development_tool\JDK.1.8.0_131\jre\..\lib\tools.jar;C:\Users\qzx\.m2\repository\org\mybatis\mybatis\3.4.1\mybatis-3.4.1.jar;C:\Users\qzx\.m2\repository\org\springframework\spring-context\4.3.9.RELEASE\spring-context-4.3.9.RELEASE.jar;C:\Users\qzx\.m2\repository\org\springframework\spring-expression\4.3.9.RELEASE\spring-expression-4.3.9.RELEASE.jar;C:\Users\qzx\.m2\repository\org\springframework\spring-aop\4.3.9.RELEASE\spring-aop-4.3.9.RELEASE.jar;C:\Users\qzx\.m2\repository\org\springframework\spring-core\4.3.9.RELEASE\spring-core-4.3.9.RELEASE.jar;C:\Users\qzx\.m2\repository\commons-logging\commons-logging\1.2\commons-logging-1.2.jar;C:\Users\qzx\.m2\repository\org\springframework\spring-beans\4.3.9.RELEASE\spring-beans-4.3.9.RELEASE.jar;C:\Users\qzx\.m2\repository\org\springframework\spring-jdbc\4.3.9.RELEASE\spring-jdbc-4.3.9.RELEASE.jar;C:\Users\qzx\.m2\repository\org\springframework\spring-tx\4.3.9.RELEASE\spring-tx-4.3.9.RELEASE.jar;C:\Users\qzx\.m2\repository\org\springframework\spring-web\4.3.9.RELEASE\spring-web-4.3.9.RELEASE.jar;C:\Users\qzx\.m2\repository\org\springframework\spring-webmvc\4.3.9.RELEASE\spring-webmvc-4.3.9.RELEASE.jar;C:\Users\qzx\.m2\repository\org\springframework\spring-oxm\4.3.9.RELEASE\spring-oxm-4.3.9.RELEASE.jar;C:\Users\qzx\.m2\repository\org\aspectj\aspectjweaver\1.8.9\aspectjweaver-1.8.9.jar;C:\Users\qzx\.m2\repository\org\mybatis\mybatis-spring\1.3.0\mybatis-spring-1.3.0.jar;C:\Users\qzx\.m2\repository\javax\servlet\javax.servlet-api\3.1.0\javax.servlet-api-3.1.0.jar;C:\Users\qzx\.m2\repository\javax\servlet\jsp\jstl\jstl-api\1.2\jstl-api-1.2.jar;C:\Users\qzx\.m2\repository\javax\servlet\servlet-api\2.5\servlet-api-2.5.jar;C:\Users\qzx\.m2\repository\javax\servlet\jsp\jsp-api\2.1\jsp-api-2.1.jar;C:\Users\qzx\.m2\repository\org\apache\taglibs\taglibs-standard-spec\1.2.1\taglibs-standard-spec-1.2.1.jar;C:\Users\qzx\.m2\repository\org\apache\taglibs\taglibs-standard-impl\1.2.1\taglibs-standard-impl-1.2.1.jar;C:\Users\qzx\.m2\repository\com\fasterxml\jackson\core\jackson-core\2.7.3\jackson-core-2.7.3.jar;C:\Users\qzx\.m2\repository\com\fasterxml\jackson\core\jackson-databind\2.7.3\jackson-databind-2.7.3.jar;C:\Users\qzx\.m2\repository\com\fasterxml\jackson\core\jackson-annotations\2.7.3\jackson-annotations-2.7.3.jar;C:\Users\qzx\.m2\repository\org\apache\poi\poi\3.15\poi-3.15.jar;C:\Users\qzx\.m2\repository\commons-codec\commons-codec\1.10\commons-codec-1.10.jar;C:\Users\qzx\.m2\repository\org\apache\commons\commons-collections4\4.1\commons-collections4-4.1.jar;C:\Users\qzx\.m2\repository\commons-fileupload\commons-fileupload\1.3.1\commons-fileupload-1.3.1.jar;C:\Users\qzx\.m2\repository\commons-io\commons-io\2.2\commons-io-2.2.jar;C:\Users\qzx\.m2\repository\org\apache\logging\log4j\log4j-api\2.3\log4j-api-2.3.jar;C:\Users\qzx\.m2\repository\org\apache\logging\log4j\log4j-core\2.3\log4j-core-2.3.jar;C:\Users\qzx\.m2\repository\org\apache\logging\log4j\log4j-jcl\2.3\log4j-jcl-2.3.jar;"/>
    <property name="java.vm.vendor" value="Oracle Corporation"/>
    <property name="sun.arch.data.model" value="64"/>
    <property name="user.variant" value=""/>
    <property name="java.vendor.url" value="http://java.oracle.com/"/>
    <property name="user.timezone" value="Asia/Shanghai"/>
    <property name="java.vm.specification.version" value="1.8"/>
    <property name="os.name" value="Windows 10"/>
    <property name="user.country" value="CN"/>
    <property name="sun.java.launcher" value="SUN_STANDARD"/>
    <property name="sun.boot.library.path" value="D:\development_tool\JDK.1.8.0_131\jre\bin"/>
    <property name="sun.java.command" value="C:\Users\qzx\AppData\Local\Temp\surefire6041709406342883363\surefirebooter3356151805753048471.jar C:\Users\qzx\AppData\Local\Temp\surefire6041709406342883363 2022-06-01T17-17-54_109-jvmRun1 surefire7336305998674661117tmp surefire_07790740386971820247tmp"/>
    <property name="surefire.test.class.path" value="E:\code_study\MyCrmProject\target\test-classes;E:\code_study\MyCrmProject\target\classes;C:\Users\qzx\.m2\repository\junit\junit\4.11\junit-4.11.jar;C:\Users\qzx\.m2\repository\org\hamcrest\hamcrest-core\1.3\hamcrest-core-1.3.jar;C:\Users\qzx\.m2\repository\mysql\mysql-connector-java\8.0.26\mysql-connector-java-8.0.26.jar;C:\Users\qzx\.m2\repository\com\google\protobuf\protobuf-java\3.11.4\protobuf-java-3.11.4.jar;C:\Users\qzx\.m2\repository\com\alibaba\druid\1.1.1\druid-1.1.1.jar;D:\development_tool\JDK.1.8.0_131\jre\..\lib\jconsole.jar;D:\development_tool\JDK.1.8.0_131\jre\..\lib\tools.jar;C:\Users\qzx\.m2\repository\org\mybatis\mybatis\3.4.1\mybatis-3.4.1.jar;C:\Users\qzx\.m2\repository\org\springframework\spring-context\4.3.9.RELEASE\spring-context-4.3.9.RELEASE.jar;C:\Users\qzx\.m2\repository\org\springframework\spring-expression\4.3.9.RELEASE\spring-expression-4.3.9.RELEASE.jar;C:\Users\qzx\.m2\repository\org\springframework\spring-aop\4.3.9.RELEASE\spring-aop-4.3.9.RELEASE.jar;C:\Users\qzx\.m2\repository\org\springframework\spring-core\4.3.9.RELEASE\spring-core-4.3.9.RELEASE.jar;C:\Users\qzx\.m2\repository\commons-logging\commons-logging\1.2\commons-logging-1.2.jar;C:\Users\qzx\.m2\repository\org\springframework\spring-beans\4.3.9.RELEASE\spring-beans-4.3.9.RELEASE.jar;C:\Users\qzx\.m2\repository\org\springframework\spring-jdbc\4.3.9.RELEASE\spring-jdbc-4.3.9.RELEASE.jar;C:\Users\qzx\.m2\repository\org\springframework\spring-tx\4.3.9.RELEASE\spring-tx-4.3.9.RELEASE.jar;C:\Users\qzx\.m2\repository\org\springframework\spring-web\4.3.9.RELEASE\spring-web-4.3.9.RELEASE.jar;C:\Users\qzx\.m2\repository\org\springframework\spring-webmvc\4.3.9.RELEASE\spring-webmvc-4.3.9.RELEASE.jar;C:\Users\qzx\.m2\repository\org\springframework\spring-oxm\4.3.9.RELEASE\spring-oxm-4.3.9.RELEASE.jar;C:\Users\qzx\.m2\repository\org\aspectj\aspectjweaver\1.8.9\aspectjweaver-1.8.9.jar;C:\Users\qzx\.m2\repository\org\mybatis\mybatis-spring\1.3.0\mybatis-spring-1.3.0.jar;C:\Users\qzx\.m2\repository\javax\servlet\javax.servlet-api\3.1.0\javax.servlet-api-3.1.0.jar;C:\Users\qzx\.m2\repository\javax\servlet\jsp\jstl\jstl-api\1.2\jstl-api-1.2.jar;C:\Users\qzx\.m2\repository\javax\servlet\servlet-api\2.5\servlet-api-2.5.jar;C:\Users\qzx\.m2\repository\javax\servlet\jsp\jsp-api\2.1\jsp-api-2.1.jar;C:\Users\qzx\.m2\repository\org\apache\taglibs\taglibs-standard-spec\1.2.1\taglibs-standard-spec-1.2.1.jar;C:\Users\qzx\.m2\repository\org\apache\taglibs\taglibs-standard-impl\1.2.1\taglibs-standard-impl-1.2.1.jar;C:\Users\qzx\.m2\repository\com\fasterxml\jackson\core\jackson-core\2.7.3\jackson-core-2.7.3.jar;C:\Users\qzx\.m2\repository\com\fasterxml\jackson\core\jackson-databind\2.7.3\jackson-databind-2.7.3.jar;C:\Users\qzx\.m2\repository\com\fasterxml\jackson\core\jackson-annotations\2.7.3\jackson-annotations-2.7.3.jar;C:\Users\qzx\.m2\repository\org\apache\poi\poi\3.15\poi-3.15.jar;C:\Users\qzx\.m2\repository\commons-codec\commons-codec\1.10\commons-codec-1.10.jar;C:\Users\qzx\.m2\repository\org\apache\commons\commons-collections4\4.1\commons-collections4-4.1.jar;C:\Users\qzx\.m2\repository\commons-fileupload\commons-fileupload\1.3.1\commons-fileupload-1.3.1.jar;C:\Users\qzx\.m2\repository\commons-io\commons-io\2.2\commons-io-2.2.jar;C:\Users\qzx\.m2\repository\org\apache\logging\log4j\log4j-api\2.3\log4j-api-2.3.jar;C:\Users\qzx\.m2\repository\org\apache\logging\log4j\log4j-core\2.3\log4j-core-2.3.jar;C:\Users\qzx\.m2\repository\org\apache\logging\log4j\log4j-jcl\2.3\log4j-jcl-2.3.jar;"/>
    <property name="sun.cpu.endian" value="little"/>
    <property name="user.home" value="C:\Users\qzx"/>
    <property name="user.language" value="zh"/>
    <property name="java.specification.vendor" value="Oracle Corporation"/>
    <property name="java.home" value="D:\development_tool\JDK.1.8.0_131\jre"/>
    <property name="basedir" value="E:\code_study\MyCrmProject"/>
    <property name="file.separator" value="\"/>
    <property name="line.separator" value="&#10;"/>
    <property name="java.vm.specification.vendor" value="Oracle Corporation"/>
    <property name="java.specification.name" value="Java Platform API Specification"/>
    <property name="java.awt.graphicsenv" value="sun.awt.Win32GraphicsEnvironment"/>
    <property name="surefire.real.class.path" value="C:\Users\qzx\AppData\Local\Temp\surefire6041709406342883363\surefirebooter3356151805753048471.jar"/>
    <property name="sun.boot.class.path" value="D:\development_tool\JDK.1.8.0_131\jre\lib\resources.jar;D:\development_tool\JDK.1.8.0_131\jre\lib\rt.jar;D:\development_tool\JDK.1.8.0_131\jre\lib\sunrsasign.jar;D:\development_tool\JDK.1.8.0_131\jre\lib\jsse.jar;D:\development_tool\JDK.1.8.0_131\jre\lib\jce.jar;D:\development_tool\JDK.1.8.0_131\jre\lib\charsets.jar;D:\development_tool\JDK.1.8.0_131\jre\lib\jfr.jar;D:\development_tool\JDK.1.8.0_131\jre\classes"/>
    <property name="user.script" value=""/>
    <property name="sun.management.compiler" value="HotSpot 64-Bit Tiered Compilers"/>
    <property name="java.runtime.version" value="1.8.0_131-b11"/>
    <property name="user.name" value="qzx"/>
    <property name="path.separator" value=";"/>
    <property name="os.version" value="10.0"/>
    <property name="java.endorsed.dirs" value="D:\development_tool\JDK.1.8.0_131\jre\lib\endorsed"/>
    <property name="java.runtime.name" value="Java(TM) SE Runtime Environment"/>
    <property name="file.encoding" value="GBK"/>
    <property name="java.vm.name" value="Java HotSpot(TM) 64-Bit Server VM"/>
    <property name="localRepository" value="C:\Users\qzx\.m2\repository"/>
    <property name="java.vendor.url.bug" value="http://bugreport.sun.com/bugreport/"/>
    <property name="java.io.tmpdir" value="C:\Users\qzx\AppData\Local\Temp\"/>
    <property name="idea.version" value="2021.1.3"/>
    <property name="java.version" value="1.8.0_131"/>
    <property name="user.dir" value="E:\code_study\MyCrmProject"/>
    <property name="os.arch" value="amd64"/>
    <property name="java.vm.specification.name" value="Java Virtual Machine Specification"/>
    <property name="java.awt.printerjob" value="sun.awt.windows.WPrinterJob"/>
    <property name="sun.os.patch.level" value=""/>
    <property name="java.library.path" value="D:\development_tool\JDK.1.8.0_131\jre\bin;C:\WINDOWS\Sun\Java\bin;C:\WINDOWS\system32;C:\WINDOWS;D:\development_tool\JDK.1.8.0_131\bin;D:\development_tool\maven\apache-maven-3.6.1\bin;C:\Program Files\MySQL\MySQL Server 8.0\bin;C:\Windows\system32;C:\Windows;C:\Windows\System32\Wbem;C:\Windows\System32\WindowsPowerShell\v1.0\;C:\Windows\System32\OpenSSH\;C:\Program Files (x86)\NVIDIA Corporation\PhysX\Common;C:\WINDOWS\system32;C:\WINDOWS;C:\WINDOWS\System32\Wbem;C:\WINDOWS\System32\WindowsPowerShell\v1.0\;C:\WINDOWS\System32\OpenSSH\;C:\Program Files\NVIDIA Corporation\NVIDIA NvDLISR;C:\WINDOWS\system32;C:\WINDOWS;C:\WINDOWS\System32\Wbem;C:\WINDOWS\System32\WindowsPowerShell\v1.0\;C:\WINDOWS\System32\OpenSSH\;C:\Program Files\dotnet\;C:\Program Files\Git\cmd;C:\Users\qzx\AppData\Local\Microsoft\WindowsApps;C:\ProgramData\qzx\GitHubDesktop\bin;C:\Users\qzx\AppData\Local\GitHubDesktop\bin;C:\Users\qzx\.dotnet\tools;."/>
    <property name="java.vm.info" value="mixed mode"/>
    <property name="java.vendor" value="Oracle Corporation"/>
    <property name="java.vm.version" value="25.131-b11"/>
    <property name="java.ext.dirs" value="D:\development_tool\JDK.1.8.0_131\jre\lib\ext;C:\WINDOWS\Sun\Java\lib\ext"/>
    <property name="sun.io.unicode.encoding" value="UnicodeLittle"/>
    <property name="java.class.version" value="52.0"/>
  </properties>
  <testcase name="test2" classname="Test123" time="1.218"/>
</testsuite>